<?xml version="1.0" encoding="UTF-8"?>
<!-- Generated by org.testng.reporters.JUnitReportReporter -->
<testsuite hostname="LAPTOP-02GDBC8M" failures="0" tests="1" name="demo.Git1" time="0.007" errors="0" timestamp="2022-12-15T15:53:23 IST" skipped="0">
  <testcase classname="demo.Git1" name="sampleTest" time="0.007"/>
  <system-out/>
</testsuite> <!-- demo.Git1 -->
