<?xml version="1.0" encoding="UTF-8"?>
<!-- Generated by org.testng.reporters.JUnitReportReporter -->
<testsuite hostname="LAPTOP-02GDBC8M" failures="0" tests="1" name="organization.CreateOrgTest" time="0.008" errors="0" timestamp="2022-12-19T15:29:27 IST" skipped="0">
  <testcase classname="organization.CreateOrgTest" name="tc_215_CreateOrgWithIndustryTest" time="0.008"/>
  <system-out/>
</testsuite> <!-- organization.CreateOrgTest -->
